<?xml version="1.0" encoding="UTF-8"?>
<testng-results skipped="0" failed="0" ignored="0" total="0" passed="0">
  <reporter-output>
  </reporter-output>
  <suite name="testRunner.TestRunner" duration-ms="13" started-at="2020-05-15T10:31:36Z" finished-at="2020-05-15T10:31:36Z">
    <groups>
    </groups>
    <test name="Command line test" duration-ms="13" started-at="2020-05-15T10:31:36Z" finished-at="2020-05-15T10:31:36Z">
    </test> <!-- Command line test -->
  </suite> <!-- testRunner.TestRunner -->
</testng-results>
